753
33
21
203
274
420
240
453
9
60
197
213
292
112
14
431
181
326
283
312
251
333
11
298
19
391
284
340
349
319
258
418 419
374
377
592
540
24
125
239
75
142
362
342
656
693
621
520
193
538
640
352
357
351
591
556
92
260
767
649
734
123 124
682
396
5
652
780
658
672
477
62
0 2
576
121
201
724
747
678
241
570
764
480
222
514
593
261
472
86 88
787
311
447 449
397
623
381
848
597
321 322
914
959
305
76 79
393
859
792
702
348
439
103
286
500
647
561
87
223 224
484 487
983
645
208
36 37
254
277
361
778
650
315
218 221
246 248
70
378
52 53
516
268
435
252 253
917
613
727
463
548 552
843
822
528 529
300
827
807
574
508
210
245
148
411
266 269
863
537 542
855
255
247
577 578
976
642
263 264
844
31 32
151 152
948
63
505
302
586 587
334
356
933
297 304
836
214 215
886
803
485
13
606
287
211
925
728
815
353 355
869
651 653
910 911
799
557
509
665 666
954
655
941 943
802
677
144 146
743
648
444 445
755
249 250
931
73
800 801
534 535
188 190
712
845
726 731
741
219
955
565
147 150
536
497
568 571
926
754
601 603
523 524
673 674
23
567
596
171 172
80 82
771
560
216
476 478
736
517 518
907
347
329
972
699 700
109
820
631 632
438 443
161 162
977 979
735 737
407 408
490 492
944
324 327
116 117
812
729
922
916 918
994
126 128
896
706
888
15 18
412
236 237
987
200 204
716 717
562 563
553 558
551
816 817
756
423
243 244
675 676
890
628 630
428 432
935
751 752
90
84 85
975
919 920
739
415 417
457
96 97
785
898 901
950
908
595 598
952 953
559
531
313
401 402
91 93
40 44
168 169
811
720 721
874
496 498
289 290
997
588
345 350
545 547
879 881
550
99 101
873 876
455 458
893
884 885
870
105 108
947 949
339 341
459 461
660 661
998
985 988
969
932 934
923
494 495
583 585
899
853 856
850
620 622
759 760
797 798
939
846 847
452 454
512 513
618 619
436
337 338
610
765 769
609 612
697 698
973 974
662 664
607 608
837 838
929 930
840 841
114 115
808 810
813 814
936
481 482
788 789
982 984
134 137
937 940
894 897
501 503
584
684 685
102 104
320
409 410
359 363
131 133
564 566
825 828
774 781
962
902 903
572 573
866 868
860
956 957
403 405
49 51
993 995
740 744
867
795 796
543 544
629
958 960
961 965
887
285 288
474 475
861 862
710 711
226 227
695 696
198 199
470 471
464 465
857 858
964
605
521 522
924
762 763
668 670
912 915
579 580
231 234
153 155
753 758
906
259 262
390 392
832 833
681 683
375 376
504
942
793 794
615 617
54 55
986
273 280
834 835
196
880
967 968
641
992
990 991
889
966
20 26
581 582
875
310 318
539
624 625
951
742
533
871 872
372 373
466 469
818 824
483
510 511
422 424
127
365 366
921
637 643
809
945 946
770 773
451
745
757
129 130
386 388
368 371
718
599 600
202
980 981
343 344
156 157
882 883
913
805 806
183 185
38
826
493
413 414
416
749 750
900
701 703
732
657 659
878
382 383
963
779
714 715
688
434 437
166
398 399
680
996 999
738
635 636
384 385
719
440
839
94 95
852
335 336
281
450
81
725
27 30
851
173 175
330 331
394 395
421
238 242
905
705 709
891 892
821
589 590
265
270 271
723
627
66 67
256 257
786
865
306 307
713
604
663
46 47
904 909
667
71 72
694
191 195
179
777
209
214 215
708
978
722
971
616
525 527
299
895
927 928
761
479
938
970
575
864
782 783
180 182
746
158 160
468
502
830
594
138 143
387
430
507
206 207
10 12
163 165
638
325
644
309
842
633 634
296
68 69
370
404
546
118 119
707
462
467
228
328
671
776
57 58
555
22
775
441
730
64 65
626
491
669
804
877
532
499
791
819
679
854
59 61
364
733
772
859
849
686 689
831
989
426 427
692
267
687
611
623
790
690
488
301
272
314
34
433
41
602
25
704
6 8
406
446
89
768
145
279
178
823
460
784
654
549
766
646
442
78
639
473
360
425
389
691
486
369
554
526
748
614
291 295
3
541
519
235
225
400
530
380
233
358
35
429
506
367
332
354
275
829
276
294
456
28
176
515
569
187
303
379
48
346
189
316
217
229
317
232
149
282
83
230
159
308
140
98
323
489
293
154
192
1
4
167
74
100
77
205
17
136
43
122
141
50
120
174
212
107
448
113
186
7
132
111
139
110
29
39
135
16
106
220
42
45
56
164
170
177
184
194
278